This is LuaTeX, Version beta-0.79.1 (TeX Live 2015/dev/Debian) (rev 4971)  (format=lualatex 2016.5.11)  24 MAY 2016 12:45
 restricted \write18 enabled.
**assignment_1.tex
(./assignment_1.tex
LaTeX2e <2014/05/01>
Babel <3.9l> and hyphenation patterns for 4 languages loaded.
(/usr/share/texlive/texmf-dist/tex/latex/base/article.cls
Document Class: article 2014/09/29 v1.4h Standard LaTeX document class
(/usr/share/texlive/texmf-dist/tex/latex/base/size10.clo
File: size10.clo 2014/09/29 v1.4h Standard LaTeX file (size option)
)
\c@part=\count79
\c@section=\count80
\c@subsection=\count81
\c@subsubsection=\count82
\c@paragraph=\count83
\c@subparagraph=\count84
\c@figure=\count85
\c@table=\count86
\abovecaptionskip=\skip41
\belowcaptionskip=\skip42
\bibindent=\dimen102
)
(/usr/share/texlive/texmf-dist/tex/latex/fancyhdr/fancyhdr.sty
\fancy@headwidth=\skip43
\f@ncyO@elh=\skip44
\f@ncyO@erh=\skip45
\f@ncyO@olh=\skip46
\f@ncyO@orh=\skip47
\f@ncyO@elf=\skip48
\f@ncyO@erf=\skip49
\f@ncyO@olf=\skip50
\f@ncyO@orf=\skip51
)
(/usr/share/texlive/texmf-dist/tex/latex/lastpage/lastpage.sty
Package: lastpage 2013/01/28 v1.2l Refers to last page's name (HMM; JPG)
)
(/usr/share/texlive/texmf-dist/tex/latex/fancyhdr/extramarks.sty
\@temptokenb=\toks14
)
(/usr/share/texlive/texmf-dist/tex/latex/graphics/graphicx.sty
Package: graphicx 2014/04/25 v1.0g Enhanced LaTeX Graphics (DPC,SPQR)

(/usr/share/texlive/texmf-dist/tex/latex/graphics/keyval.sty
Package: keyval 2014/05/08 v1.15 key=value parser (DPC)
\KV@toks@=\toks15
)
(/usr/share/texlive/texmf-dist/tex/latex/graphics/graphics.sty
Package: graphics 2009/02/05 v1.0o Standard LaTeX Graphics (DPC,SPQR)

(/usr/share/texlive/texmf-dist/tex/latex/graphics/trig.sty
Package: trig 1999/03/16 v1.09 sin cos tan (DPC)
)
(/usr/share/texlive/texmf-dist/tex/latex/latexconfig/graphics.cfg
File: graphics.cfg 2010/04/23 v1.9 graphics configuration of TeX Live
)
Package graphics Info: Driver file: pdftex.def on input line 91.

(/usr/share/texlive/texmf-dist/tex/latex/pdftex-def/pdftex.def
File: pdftex.def 2011/05/27 v0.06d Graphics/color for pdfTeX

(/usr/share/texlive/texmf-dist/tex/generic/oberdiek/infwarerr.sty
Package: infwarerr 2010/04/08 v1.3 Providing info/warning/error messages (HO)
)
(/usr/share/texlive/texmf-dist/tex/generic/oberdiek/ltxcmds.sty
Package: ltxcmds 2011/11/09 v1.22 LaTeX kernel commands for general use (HO)
)
(/usr/share/texlive/texmf-dist/tex/generic/oberdiek/pdftexcmds.sty
Package: pdftexcmds 2011/11/29 v0.20 Utility functions of pdfTeX for LuaTeX (HO)


(/usr/share/texlive/texmf-dist/tex/generic/oberdiek/ifluatex.sty
Package: ifluatex 2010/03/01 v1.3 Provides the ifluatex switch (HO)
Package ifluatex Info: LuaTeX detected.
)
(/usr/share/texlive/texmf-dist/tex/generic/oberdiek/ifpdf.sty
Package: ifpdf 2011/01/30 v2.3 Provides the ifpdf switch (HO)
Package ifpdf Info: pdfTeX in PDF mode is detected.
)
Package pdftexcmds Info: \pdf@primitive is available.
Package pdftexcmds Info: \pdf@ifprimitive is available.
Package pdftexcmds Info: \pdfdraftmode found.

(/usr/share/texlive/texmf-dist/tex/generic/oberdiek/luatex-loader.sty
Package: luatex-loader 2010/03/09 v0.4 Lua module loader (HO)

(/usr/share/texlive/texmf-dist/scripts/oberdiek/oberdiek.luatex.lua))
\pdftexcmds@toks=\toks16
)
\Gread@gobject=\count87
))
\Gin@req@height=\dimen103
\Gin@req@width=\dimen104
)
(/usr/share/texlive/texmf-dist/tex/latex/lipsum/lipsum.sty
Package: lipsum 2014/07/27 v1.3 150 paragraphs of Lorem Ipsum dummy text
\c@lips@count=\count88
)
\c@homeworkProblemCounter=\count89
 (./assignment_1.aux)
LaTeX Font Info:    Checking defaults for OML/cmm/m/it on input line 86.
LaTeX Font Info:    ... okay on input line 86.
LaTeX Font Info:    Checking defaults for T1/cmr/m/n on input line 86.
LaTeX Font Info:    ... okay on input line 86.
LaTeX Font Info:    Checking defaults for OT1/cmr/m/n on input line 86.
LaTeX Font Info:    ... okay on input line 86.
LaTeX Font Info:    Checking defaults for OMS/cmsy/m/n on input line 86.
LaTeX Font Info:    ... okay on input line 86.
LaTeX Font Info:    Checking defaults for OMX/cmex/m/n on input line 86.
LaTeX Font Info:    ... okay on input line 86.
LaTeX Font Info:    Checking defaults for U/cmr/m/n on input line 86.
LaTeX Font Info:    ... okay on input line 86.
Package lastpage Info: Please have a look at the pageslts package at
(lastpage)             http://www.ctan.org/tex-archive/ 
(lastpage)             macros/latex/contrib/pageslts/ 
(lastpage)             or
(lastpage)             http://www.ctan.org/tex-archive/ 
(lastpage)             install/macros/latex/contrib/pageslts.tds.zip
(lastpage)             ! on input line 86.
 (/usr/share/texlive/texmf-dist/tex/context/base/supp-pdf.mkii
[Loading MPS to PDF converter (version 2006.09.02).]
\scratchcounter=\count90
\scratchdimen=\dimen105
\scratchbox=\box26
\nofMPsegments=\count91
\nofMParguments=\count92
\everyMPshowfont=\toks17
\MPscratchCnt=\count93
\MPscratchDim=\dimen106
\MPnumerator=\count94
\makeMPintoPDFobject=\count95
\everyMPtoPDFconversion=\toks18
) (/usr/share/texlive/texmf-dist/tex/latex/oberdiek/epstopdf-base.sty
Package: epstopdf-base 2010/02/09 v2.5 Base part for package epstopdf

(/usr/share/texlive/texmf-dist/tex/latex/oberdiek/grfext.sty
Package: grfext 2010/08/19 v1.1 Manage graphics extensions (HO)

(/usr/share/texlive/texmf-dist/tex/generic/oberdiek/kvdefinekeys.sty
Package: kvdefinekeys 2011/04/07 v1.3 Define keys (HO)
))
(/usr/share/texlive/texmf-dist/tex/latex/oberdiek/kvoptions.sty
Package: kvoptions 2011/06/30 v3.11 Key value format for package options (HO)

(/usr/share/texlive/texmf-dist/tex/generic/oberdiek/kvsetkeys.sty
Package: kvsetkeys 2012/04/25 v1.16 Key value parser (HO)

(/usr/share/texlive/texmf-dist/tex/generic/oberdiek/etexcmds.sty
Package: etexcmds 2011/02/16 v1.5 Avoid name clashes with e-TeX commands (HO)
)))
Package grfext Info: Graphics extension search list:
(grfext)             [.png,.pdf,.jpg,.mps,.jpeg,.jbig2,.jb2,.PNG,.PDF,.JPG,.JPEG
,.JBIG2,.JB2,.eps]
(grfext)             \AppendGraphicsExtensions on input line 452.

(/usr/share/texlive/texmf-dist/tex/latex/latexconfig/epstopdf-sys.cfg
File: epstopdf-sys.cfg 2010/07/13 v1.3 Configuration of (r)epstopdf for TeX Live

))
LaTeX Font Info:    External font `cmex10' loaded for size
(Font)              <12> on input line 88.
LaTeX Font Info:    External font `cmex10' loaded for size
(Font)              <8> on input line 88.
LaTeX Font Info:    External font `cmex10' loaded for size
(Font)              <6> on input line 88.

[1

{/var/lib/texmf/fonts/map/pdftex/updmap/pdftex.map}] (./assignment_1.toc
LaTeX Font Info:    External font `cmex10' loaded for size
(Font)              <7> on input line 3.
LaTeX Font Info:    External font `cmex10' loaded for size
(Font)              <5> on input line 3.
)
\tf@toc=\write3

[2]
LaTeX Font Info:    Try loading font information for OMS+cmr on input line 110.
 (/usr/share/texlive/texmf-dist/tex/latex/base/omscmr.fd
File: omscmr.fd 2014/09/29 v2.5h Standard LaTeX font definitions
)
LaTeX Font Info:    Font shape `OMS/cmr/m/n' in size <10> not available
(Font)              Font shape `OMS/cmsy/m/n' tried instead on input line 110.
 [3] [4

Missing character: There is no … (U+2026) in font cmr10!
Missing character: There is no … (U+2026) in font cmr10!
Missing character: There is no … (U+2026) in font cmr10!
] [5

]
<PA.png, id=24, 529.22719pt x 232.61906pt>
File: PA.png Graphic file (type png)
 <use PA.png>
Package pdftex.def Info: PA.png used on input line 255.
(pdftex.def)             Requested size: 399.2946pt x 175.5074pt.
 [6

Missing character: There is no ¿ (U+00BF) in font cmr10!
Missing character: There is no ¿ (U+00BF) in font cmr10!
Missing character: There is no ¿ (U+00BF) in font cmr10!
Missing character: There is no … (U+2026) in font cmr10!
Missing character: There is no … (U+2026) in font cmr10!
<./PA.png>]
Underfull \hbox (badness 10000) in paragraph at lines 268--270

 []


Underfull \hbox (badness 10000) in paragraph at lines 273--275

 []

[7

] <pFab.png, id=31, 552.0625pt x 780.9175pt>
File: pFab.png Graphic file (type png)
 <use pFab.png>
Package pdftex.def Info: pFab.png used on input line 302.
(pdftex.def)             Requested size: 249.06602pt x 352.31624pt.
 [8

<./pFab.png>]
<MarketInt.png, id=36, 715.67375pt x 795.97375pt>
File: MarketInt.png Graphic file (type png)
 <use MarketInt.png>
Package pdftex.def Info: MarketInt.png used on input line 319.
(pdftex.def)             Requested size: 352.31624pt x 391.85239pt.
 [9

<./MarketInt.png>] [10

] [11

]
Overfull \hbox (10.38475pt too wide) in paragraph at lines 387--389
[][]\OT1/cmr/m/n/10 El Conocimiento: nivel de conocimiento gen-er-ado y/o reg-i
strado y su nivel de con-sumo o aprovechamiento-
 []

[12

Missing character: There is no º (U+00BA) in font cmr10!
Missing character: There is no º (U+00BA) in font cmr10!
Missing character: There is no º (U+00BA) in font cmr10!
Missing character: There is no º (U+00BA) in font cmr10!
Missing character: There is no º (U+00BA) in font cmr10!
Missing character: There is no º (U+00BA) in font cmr10!
Missing character: There is no º (U+00BA) in font cmr10!
Missing character: There is no º (U+00BA) in font cmr10!
Missing character: There is no º (U+00BA) in font cmr10!
Missing character: There is no º (U+00BA) in font cmr10!
Missing character: There is no º (U+00BA) in font cmr10!
Missing character: There is no º (U+00BA) in font cmr10!
Missing character: There is no º (U+00BA) in font cmr10!
Missing character: There is no º (U+00BA) in font cmr10!
Missing character: There is no º (U+00BA) in font cmr10!
] [13
Missing character: There is no º (U+00BA) in font cmr10!
Missing character: There is no º (U+00BA) in font cmr10!
Missing character: There is no º (U+00BA) in font cmr10!
Missing character: There is no º (U+00BA) in font cmr10!
Missing character: There is no º (U+00BA) in font cmr10!
Missing character: There is no º (U+00BA) in font cmr10!
]
Underfull \hbox (badness 10000) in paragraph at lines 443--446

 []


Underfull \hbox (badness 10000) in paragraph at lines 443--446

 []


Underfull \hbox (badness 10000) in paragraph at lines 443--446

 []


Underfull \hbox (badness 10000) in paragraph at lines 443--446

 []

[14

Missing character: There is no … (U+2026) in font cmr10!
]
Overfull \hbox (7.91243pt too wide) in paragraph at lines 469--470
[][]\OT1/cmr/m/n/10 Rep-re-sen-tantes de las areas fun-cionales que van in-vol
u-cradas en las ini-cia-ti-vas de gestion del conocimiento. 
 []


Underfull \hbox (badness 10000) in paragraph at lines 500--503

 []


Underfull \hbox (badness 10000) in paragraph at lines 500--503

 []

<docu.png, id=57, 430.60875pt x 267.24844pt>
File: docu.png Graphic file (type png)
 <use docu.png>
Package pdftex.def Info: docu.png used on input line 504.
(pdftex.def)             Requested size: 352.31624pt x 218.66394pt.
 [15

] [16<./docu.png>]
Underfull \hbox (badness 10000) in paragraph at lines 519--522

 []


Underfull \hbox (badness 10000) in paragraph at lines 519--522

 []

[17

] [18

]
Underfull \hbox (badness 10000) in paragraph at lines 541--543

 []


AED: lastpage setting LastPage
[19

Missing character: There is no ¿ (U+00BF) in font cmr10!
Missing character: There is no ¿ (U+00BF) in font cmr10!
Missing character: There is no ¿ (U+00BF) in font cmr10!
Missing character: There is no ¿ (U+00BF) in font cmr10!
Missing character: There is no ¿ (U+00BF) in font cmr10!
Missing character: There is no ¿ (U+00BF) in font cmr10!
Missing character: There is no ¿ (U+00BF) in font cmr10!
Missing character: There is no ¿ (U+00BF) in font cmr10!
Missing character: There is no á (U+00E1) in font cmr10!
Missing character: There is no ¿ (U+00BF) in font cmr10!
Missing character: There is no ¿ (U+00BF) in font cmr10!
Missing character: There is no ¿ (U+00BF) in font cmr10!
Missing character: There is no … (U+2026) in font cmr10!
Missing character: There is no ¿ (U+00BF) in font cmr10!
Missing character: There is no ¿ (U+00BF) in font cmr10!
Missing character: There is no ¿ (U+00BF) in font cmr10!
Missing character: There is no ¿ (U+00BF) in font cmr10!
Missing character: There is no ¿ (U+00BF) in font cmr10!
Missing character: There is no ¿ (U+00BF) in font cmr10!
Missing character: There is no ¿ (U+00BF) in font cmr10!
Missing character: There is no ¿ (U+00BF) in font cmr10!
Missing character: There is no ó (U+00F3) in font cmr10!
Missing character: There is no ¿ (U+00BF) in font cmr10!
Missing character: There is no ¿ (U+00BF) in font cmr10!
Missing character: There is no ¿ (U+00BF) in font cmr10!
Missing character: There is no ú (U+00FA) in font cmr10!
Missing character: There is no … (U+2026) in font cmr10!
Missing character: There is no ¿ (U+00BF) in font cmr10!
Missing character: There is no ú (U+00FA) in font cmr10!
] (./assignment_1.aux))

Here is how much of LuaTeX's memory you used:
 2117 strings out of 494781
 100000,221844 words of node,token memory allocated
 319 words of node memory still in use:
   2 hlist, 1 vlist, 1 rule, 2 glue, 41 glue_spec, 2 write nodes
   avail lists: 2:22,3:139,4:959,5:224,6:2959,7:63,9:129,10:253
 5585 multiletter control sequences out of 65536+600000
 47 fonts using 1857803 bytes
 37i,11n,43p,586b,387s stack positions out of 5000i,500n,10000p,200000b,100000s
<</usr/share/texlive/texmf-dist/fonts/type1/public/amsfonts/cm/cmbx10.pfb><</usr
/share/texlive/texmf-dist/fonts/type1/public/amsfonts/cm/cmbx12.pfb><</usr/share
/texlive/texmf-dist/fonts/type1/public/amsfonts/cm/cmr10.pfb><</usr/share/texliv
e/texmf-dist/fonts/type1/public/amsfonts/cm/cmr9.pfb><</usr/share/texlive/texmf-
dist/fonts/type1/public/amsfonts/cm/cmsl10.pfb><</usr/share/texlive/texmf-dist/f
onts/type1/public/amsfonts/cm/cmsy10.pfb>
Output written on assignment_1.pdf (19 pages, 292864 bytes).

PDF statistics: 94 PDF objects out of 1000 (max. 8388607)
 60 compressed objects within 1 object stream
 0 named destinations out of 1000 (max. 131072)
 1 words of extra memory for PDF output out of 10000 (max. 10000000)

